<?xml version="1.0" encoding="UTF-8"?>
<!-- Generated by org.testng.reporters.JUnitXMLReporter -->
<testsuite ignored="1" hostname="DESKTOP-MNSU8OR" failures="0" tests="1" name="Default test" time="54.696" errors="0" timestamp="2025-03-12T16:42:40 IST">
  <testcase classname="CreateProduct.CraeteProductTest" name="createInvoice" time="40.778"/>
  <testcase classname="CreateProduct.CraeteProductTest" name="createProduct" time="0.0">
    <ignored/>
  </testcase> <!-- createProduct -->
</testsuite> <!-- Default test -->
