<?xml version="1.0" encoding="UTF-8"?>
<testng-results ignored="0" total="2" passed="2" failed="0" skipped="0">
  <reporter-output>
  </reporter-output>
  <suite started-at="2025-03-21T15:18:39 IST" name="Default suite" finished-at="2025-03-21T15:20:32 IST" duration-ms="113488">
    <groups>
      <group name="smokeTest">
        <method signature="CraeteProductTest.createInvoice()[pri:0, instance:CreateProduct.CraeteProductTest@a77614d]" name="createInvoice" class="CreateProduct.CraeteProductTest"/>
        <method signature="CraeteProductTest.createProduct()[pri:0, instance:CreateProduct.CraeteProductTest@a77614d]" name="createProduct" class="CreateProduct.CraeteProductTest"/>
      </group> <!-- smokeTest -->
    </groups>
    <test started-at="2025-03-21T15:18:39 IST" name="Default test" finished-at="2025-03-21T15:20:32 IST" duration-ms="113488">
      <class name="CreateProduct.CraeteProductTest">
        <test-method is-config="true" signature="configBS()[pri:0, instance:CreateProduct.CraeteProductTest@a77614d]" started-at="2025-03-21T15:18:38 IST" name="configBS" finished-at="2025-03-21T15:18:39 IST" duration-ms="573" status="PASS">
          <reporter-output>
          </reporter-output>
        </test-method> <!-- configBS -->
        <test-method is-config="true" signature="configBC()[pri:0, instance:CreateProduct.CraeteProductTest@a77614d]" started-at="2025-03-21T15:18:39 IST" name="configBC" finished-at="2025-03-21T15:18:46 IST" duration-ms="7064" status="PASS">
          <reporter-output>
          </reporter-output>
        </test-method> <!-- configBC -->
        <test-method is-config="true" signature="configBM()[pri:0, instance:CreateProduct.CraeteProductTest@a77614d]" started-at="2025-03-21T15:18:46 IST" name="configBM" finished-at="2025-03-21T15:18:50 IST" duration-ms="4232" status="PASS">
          <reporter-output>
          </reporter-output>
        </test-method> <!-- configBM -->
        <test-method signature="createInvoice()[pri:0, instance:CreateProduct.CraeteProductTest@a77614d]" started-at="2025-03-21T15:18:50 IST" name="createInvoice" finished-at="2025-03-21T15:20:04 IST" duration-ms="73196" status="PASS">
          <reporter-output>
          </reporter-output>
        </test-method> <!-- createInvoice -->
        <test-method is-config="true" signature="configAM()[pri:0, instance:CreateProduct.CraeteProductTest@a77614d]" started-at="2025-03-21T15:20:04 IST" name="configAM" finished-at="2025-03-21T15:20:06 IST" duration-ms="2540" status="PASS">
          <reporter-output>
          </reporter-output>
        </test-method> <!-- configAM -->
        <test-method is-config="true" signature="configBM()[pri:0, instance:CreateProduct.CraeteProductTest@a77614d]" started-at="2025-03-21T15:20:06 IST" name="configBM" finished-at="2025-03-21T15:20:10 IST" duration-ms="3931" status="PASS">
          <reporter-output>
          </reporter-output>
        </test-method> <!-- configBM -->
        <test-method signature="createProduct()[pri:0, instance:CreateProduct.CraeteProductTest@a77614d]" started-at="2025-03-21T15:20:10 IST" name="createProduct" finished-at="2025-03-21T15:20:29 IST" duration-ms="19432" status="PASS">
          <reporter-output>
          </reporter-output>
        </test-method> <!-- createProduct -->
        <test-method is-config="true" signature="configAM()[pri:0, instance:CreateProduct.CraeteProductTest@a77614d]" started-at="2025-03-21T15:20:29 IST" name="configAM" finished-at="2025-03-21T15:20:32 IST" duration-ms="2502" status="PASS">
          <reporter-output>
          </reporter-output>
        </test-method> <!-- configAM -->
        <test-method is-config="true" signature="configAC()[pri:0, instance:CreateProduct.CraeteProductTest@a77614d]" started-at="2025-03-21T15:20:32 IST" name="configAC" finished-at="2025-03-21T15:20:32 IST" duration-ms="468" status="PASS">
          <reporter-output>
          </reporter-output>
        </test-method> <!-- configAC -->
        <test-method is-config="true" signature="configAS()[pri:0, instance:CreateProduct.CraeteProductTest@a77614d]" started-at="2025-03-21T15:20:33 IST" name="configAS" finished-at="2025-03-21T15:20:33 IST" duration-ms="1" status="PASS">
          <reporter-output>
          </reporter-output>
        </test-method> <!-- configAS -->
      </class> <!-- CreateProduct.CraeteProductTest -->
    </test> <!-- Default test -->
  </suite> <!-- Default suite -->
</testng-results>
