<?xml version="1.0" encoding="UTF-8"?>
<testng-results ignored="0" total="1" passed="1" failed="0" skipped="0">
  <reporter-output>
  </reporter-output>
  <suite started-at="2025-03-26T11:18:30 IST" name="Default suite" finished-at="2025-03-26T11:20:11 IST" duration-ms="101191">
    <groups>
      <group name="smokeTest">
        <method signature="CreateInvoiceTest.createInvoice()[pri:0, instance:CreateProduct.CreateInvoiceTest@77c2494c]" name="createInvoice" class="CreateProduct.CreateInvoiceTest"/>
      </group> <!-- smokeTest -->
    </groups>
    <test started-at="2025-03-26T11:18:30 IST" name="Default test" finished-at="2025-03-26T11:20:11 IST" duration-ms="101191">
      <class name="CreateProduct.CreateInvoiceTest">
        <test-method is-config="true" signature="configBS()[pri:0, instance:CreateProduct.CreateInvoiceTest@77c2494c]" started-at="2025-03-26T11:18:25 IST" name="configBS" finished-at="2025-03-26T11:18:30 IST" duration-ms="5056" status="PASS">
          <reporter-output>
          </reporter-output>
        </test-method> <!-- configBS -->
        <test-method is-config="true" signature="configBC()[pri:0, instance:CreateProduct.CreateInvoiceTest@77c2494c]" started-at="2025-03-26T11:18:30 IST" name="configBC" finished-at="2025-03-26T11:18:35 IST" duration-ms="4868" status="PASS">
          <reporter-output>
          </reporter-output>
        </test-method> <!-- configBC -->
        <test-method is-config="true" signature="configBM()[pri:0, instance:CreateProduct.CreateInvoiceTest@77c2494c]" started-at="2025-03-26T11:18:35 IST" name="configBM" finished-at="2025-03-26T11:18:39 IST" duration-ms="4466" status="PASS">
          <reporter-output>
          </reporter-output>
        </test-method> <!-- configBM -->
        <test-method signature="createInvoice()[pri:0, instance:CreateProduct.CreateInvoiceTest@77c2494c]" started-at="2025-03-26T11:18:39 IST" name="createInvoice" finished-at="2025-03-26T11:20:08 IST" duration-ms="88508" status="PASS">
          <reporter-output>
          </reporter-output>
        </test-method> <!-- createInvoice -->
        <test-method is-config="true" signature="configAM()[pri:0, instance:CreateProduct.CreateInvoiceTest@77c2494c]" started-at="2025-03-26T11:20:08 IST" name="configAM" finished-at="2025-03-26T11:20:10 IST" duration-ms="2632" status="PASS">
          <reporter-output>
          </reporter-output>
        </test-method> <!-- configAM -->
        <test-method is-config="true" signature="configAC()[pri:0, instance:CreateProduct.CreateInvoiceTest@77c2494c]" started-at="2025-03-26T11:20:10 IST" name="configAC" finished-at="2025-03-26T11:20:11 IST" duration-ms="559" status="PASS">
          <reporter-output>
          </reporter-output>
        </test-method> <!-- configAC -->
        <test-method is-config="true" signature="configAS()[pri:0, instance:CreateProduct.CreateInvoiceTest@77c2494c]" started-at="2025-03-26T11:20:11 IST" name="configAS" finished-at="2025-03-26T11:20:11 IST" duration-ms="7" status="PASS">
          <reporter-output>
          </reporter-output>
        </test-method> <!-- configAS -->
      </class> <!-- CreateProduct.CreateInvoiceTest -->
    </test> <!-- Default test -->
  </suite> <!-- Default suite -->
</testng-results>
